<?xml version="1.0" encoding="UTF-8"?>
<testsuite xmlns:xsi="http://www.w3.org/2001/XMLSchema-instance" xsi:schemaLocation="https://maven.apache.org/surefire/maven-surefire-plugin/xsd/surefire-test-report.xsd" name="TestSuite" time="23.978" tests="17" errors="0" skipped="0" failures="1">
  <properties>
    <property name="idea.version" value="2022.1"/>
    <property name="java.runtime.name" value="OpenJDK Runtime Environment"/>
    <property name="java.vm.version" value="18+36-2087"/>
    <property name="sun.boot.library.path" value="C:\Users\Liran\.jdks\openjdk-18\bin"/>
    <property name="user.country.format" value="IL"/>
    <property name="maven.multiModuleProjectDirectory" value="C:\Users\Liran\IdeaProjects\PM2022_TEAM_9"/>
    <property name="java.vm.vendor" value="Oracle Corporation"/>
    <property name="java.vendor.url" value="https://java.oracle.com/"/>
    <property name="guice.disable.misplaced.annotation.check" value="true"/>
    <property name="path.separator" value=";"/>
    <property name="java.vm.name" value="OpenJDK 64-Bit Server VM"/>
    <property name="sun.os.patch.level" value=""/>
    <property name="user.script" value=""/>
    <property name="user.country" value="US"/>
    <property name="sun.java.launcher" value="SUN_STANDARD"/>
    <property name="java.vm.specification.name" value="Java Virtual Machine Specification"/>
    <property name="user.dir" value="C:\Users\Liran\IdeaProjects\PM2022_TEAM_9"/>
    <property name="java.vm.compressedOopsMode" value="Zero based"/>
    <property name="java.runtime.version" value="18+36-2087"/>
    <property name="os.arch" value="amd64"/>
    <property name="java.io.tmpdir" value="C:\Users\Liran\AppData\Local\Temp\"/>
    <property name="line.separator" value="&#10;"/>
    <property name="java.vm.specification.vendor" value="Oracle Corporation"/>
    <property name="user.variant" value=""/>
    <property name="os.name" value="Windows 10"/>
    <property name="maven.ext.class.path" value="C:\Program Files\JetBrains\IntelliJ IDEA 2022.1\plugins\maven\lib\maven-event-listener.jar"/>
    <property name="classworlds.conf" value="C:\Program Files\JetBrains\IntelliJ IDEA 2022.1\plugins\maven\lib\maven3\bin\m2.conf"/>
    <property name="sun.jnu.encoding" value="Cp1252"/>
    <property name="java.library.path" value="C:\Users\Liran\.jdks\openjdk-18\bin;C:\WINDOWS\Sun\Java\bin;C:\WINDOWS\system32;C:\WINDOWS;C:\Program Files (x86)\VMware\VMware Player\bin\;C:\Program Files (x86)\Razer Chroma SDK\bin;C:\Program Files\Razer Chroma SDK\bin;C:\Program Files (x86)\Razer\ChromaBroadcast\bin;C:\Program Files\Razer\ChromaBroadcast\bin;C:\oraclexe\app\oracle\product\11.2.0\server\bin;;C:\Program Files (x86)\Common Files\Oracle\Java\javapath;C:\WINDOWS\system32;C:\WINDOWS;C:\WINDOWS\System32\Wbem;C:\WINDOWS\System32\WindowsPowerShell\v1.0\;C:\WINDOWS\System32\OpenSSH\;C:\Program Files (x86)\Pandoc\;C:\Program Files\Git\cmd;C:\Program Files\dotnet\;C:\Program Files\Microsoft SQL Server\130\Tools\Binn\;C:\Program Files\Microsoft SQL Server\Client SDK\ODBC\170\Tools\Binn\;C:\WINDOWS\system32\config\systemprofile\AppData\Local\Microsoft\WindowsApps;C:\Users\Liran\AppData\Local\Programs\Python\Python39\Scripts\;C:\Users\Liran\AppData\Local\Programs\Python\Python39\;C:\Users\Liran\AppData\Local\Microsoft\WindowsApps;C:\Users\Liran\AppData\Local\Programs\EmEditor;C:\glfw-3.3.3.bin.WIN64\lib-vc2017;C:\glfw-3.3.3.bin.WIN64;C:\glfw-3.3.3;C:\glfw-3.3.3\include\GLFW;C:\Program Files\JetBrains\IntelliJ IDEA Educational Edition 2020.3.3\bin;;C:\Users\Liran\.dotnet\tools;C:\Program Files\JetBrains\IntelliJ IDEA 2022.1\bin;;."/>
    <property name="maven.conf" value="C:\Program Files\JetBrains\IntelliJ IDEA 2022.1\plugins\maven\lib\maven3/conf"/>
    <property name="jdk.debug" value="release"/>
    <property name="java.class.version" value="62.0"/>
    <property name="java.specification.name" value="Java Platform API Specification"/>
    <property name="sun.management.compiler" value="HotSpot 64-Bit Tiered Compilers"/>
    <property name="os.version" value="10.0"/>
    <property name="user.home" value="C:\Users\Liran"/>
    <property name="user.timezone" value="Asia/Jerusalem"/>
    <property name="file.encoding" value="UTF-8"/>
    <property name="java.specification.version" value="18"/>
    <property name="user.name" value="Liran"/>
    <property name="java.class.path" value="C:\Program Files\JetBrains\IntelliJ IDEA 2022.1\plugins\maven\lib\maven3\boot\plexus-classworlds-2.6.0.jar;C:\Program Files\JetBrains\IntelliJ IDEA 2022.1\plugins\maven\lib\maven3\boot\plexus-classworlds.license"/>
    <property name="java.vm.specification.version" value="18"/>
    <property name="sun.arch.data.model" value="64"/>
    <property name="sun.java.command" value="org.codehaus.classworlds.Launcher -Didea.version=2022.1 test"/>
    <property name="java.home" value="C:\Users\Liran\.jdks\openjdk-18"/>
    <property name="user.language" value="en"/>
    <property name="java.specification.vendor" value="Oracle Corporation"/>
    <property name="user.language.format" value="he"/>
    <property name="java.vm.info" value="mixed mode, sharing"/>
    <property name="java.version" value="18"/>
    <property name="native.encoding" value="Cp1252"/>
    <property name="java.vendor" value="Oracle Corporation"/>
    <property name="maven.home" value="C:\Program Files\JetBrains\IntelliJ IDEA 2022.1\plugins\maven\lib\maven3"/>
    <property name="file.separator" value="\"/>
    <property name="java.version.date" value="2022-03-22"/>
    <property name="java.vendor.url.bug" value="https://bugreport.java.com/bugreport/"/>
    <property name="sun.io.unicode.encoding" value="UnicodeLittle"/>
    <property name="sun.cpu.endian" value="little"/>
    <property name="sun.cpu.isalist" value="amd64"/>
  </properties>
  <testcase name="A1_initializeScreen on A1_initializeScreen(com.example.demo.AboutManagerTest)" classname="com.example.demo.AboutManagerTest" time="4.322"/>
  <testcase name="A1_testInitializeScreen on A1_testInitializeScreen(com.example.demo.EditProfileManagerTest)" classname="com.example.demo.EditProfileManagerTest" time="1.2"/>
  <testcase name="A2_updateFormData on A2_updateFormData(com.example.demo.EditProfileManagerTest)" classname="com.example.demo.EditProfileManagerTest" time="1.079"/>
  <testcase name="A1_initializeScreen on A1_initializeScreen(com.example.demo.LoginManagerTest)" classname="com.example.demo.LoginManagerTest" time="0.187"/>
  <testcase name="A2_authorize on A2_authorize(com.example.demo.LoginManagerTest)" classname="com.example.demo.LoginManagerTest" time="1.38"/>
  <testcase name="A1_initializeScreen on A1_initializeScreen(com.example.demo.ManageUsersManagerTest)" classname="com.example.demo.ManageUsersManagerTest" time="0.838"/>
  <testcase name="A2_filterUsers on A2_filterUsers(com.example.demo.ManageUsersManagerTest)" classname="com.example.demo.ManageUsersManagerTest" time="0.531"/>
  <testcase name="A1_testInitializeScreen on A1_testInitializeScreen(com.example.demo.MessagesPanelManagerTest)" classname="com.example.demo.MessagesPanelManagerTest" time="1.002"/>
  <testcase name="A2_testViewMessage on A2_testViewMessage(com.example.demo.MessagesPanelManagerTest)" classname="com.example.demo.MessagesPanelManagerTest" time="0.998"/>
  <testcase name="A3_testReplyMessage on A3_testReplyMessage(com.example.demo.MessagesPanelManagerTest)" classname="com.example.demo.MessagesPanelManagerTest" time="1.209"/>
  <testcase name="A4_testDeleteMessage on A4_testDeleteMessage(com.example.demo.MessagesPanelManagerTest)" classname="com.example.demo.MessagesPanelManagerTest" time="0.994"/>
  <testcase name="A1_initializeScreen on A1_initializeScreen(com.example.demo.SendMessageManagerTest)" classname="com.example.demo.SendMessageManagerTest" time="0.953"/>
  <testcase name="A2_sendMessage on A2_sendMessage(com.example.demo.SendMessageManagerTest)" classname="com.example.demo.SendMessageManagerTest" time="1.211">
    <failure message="java.lang.NullPointerException: Cannot invoke &quot;javafx.stage.Window.setWidth(double)&quot; because the return value of &quot;javafx.scene.Scene.getWindow()&quot; is null" type="java.lang.RuntimeException">java.lang.RuntimeException: java.lang.NullPointerException: Cannot invoke "javafx.stage.Window.setWidth(double)" because the return value of "javafx.scene.Scene.getWindow()" is null
Caused by: java.lang.NullPointerException: Cannot invoke "javafx.stage.Window.setWidth(double)" because the return value of "javafx.scene.Scene.getWindow()" is null
</failure>
    <system-err><![CDATA[--- Exception in Async Thread ---
java.lang.NullPointerException: Cannot invoke "javafx.stage.Window.setWidth(double)" because the return value of "javafx.scene.Scene.getWindow()" is null
	com.example.demo.MessagesPanelManager.initializeScreen(MessagesPanelManager.java:26)
	com.example.demo.ReplyMessageManager.returnToMessages(ReplyMessageManager.java:54)
	com.example.demo.ReplyMessageManager.lambda$sendReplyMessage$0(ReplyMessageManager.java:82)
	com.sun.scenario.animation.shared.TimelineClipCore.visitKeyFrame(TimelineClipCore.java:239)
	com.sun.scenario.animation.shared.TimelineClipCore.playTo(TimelineClipCore.java:180)
	javafx.animation.Timeline.doPlayTo(Timeline.java:172)
	javafx.animation.AnimationAccessorImpl.playTo(AnimationAccessorImpl.java:39)
	com.sun.scenario.animation.shared.SingleLoopClipEnvelope.timePulse(SingleLoopClipEnvelope.java:103)
	javafx.animation.Animation.doTimePulse(Animation.java:1189)
	javafx.animation.Animation$1.lambda$timePulse$0(Animation.java:207)
	java.base/java.security.AccessController.doPrivileged(AccessController.java:399)
	javafx.animation.Animation$1.timePulse(Animation.java:206)
	com.sun.scenario.animation.AbstractPrimaryTimer.timePulseImpl(AbstractPrimaryTimer.java:343)
	com.sun.scenario.animation.AbstractPrimaryTimer$MainLoop.run(AbstractPrimaryTimer.java:266)
	com.sun.javafx.tk.quantum.QuantumToolkit.pulse(QuantumToolkit.java:571)
	com.sun.javafx.tk.quantum.QuantumToolkit.pulse(QuantumToolkit.java:555)
	com.sun.javafx.tk.quantum.QuantumToolkit.pulseFromQueue(QuantumToolkit.java:548)
	com.sun.javafx.tk.quantum.QuantumToolkit.lambda$runToolkit$11(QuantumToolkit.java:352)
	com.sun.glass.ui.InvokeLaterDispatcher$Future.run(InvokeLaterDispatcher.java:96)
	com.sun.glass.ui.win.WinApplication._runLoop(Native Method)
	com.sun.glass.ui.win.WinApplication.lambda$runLoop$3(WinApplication.java:184)
	java.base/java.lang.Thread.run(Thread.java:833)

]]></system-err>
  </testcase>
  <testcase name="A1_initializeScreen on A1_initializeScreen(com.example.demo.TodoListManagerTest)" classname="com.example.demo.TodoListManagerTest" time="0.523"/>
  <testcase name="A2_commitChange on A2_commitChange(com.example.demo.TodoListManagerTest)" classname="com.example.demo.TodoListManagerTest" time="0.687"/>
  <testcase name="A3_addItem on A3_addItem(com.example.demo.TodoListManagerTest)" classname="com.example.demo.TodoListManagerTest" time="1.047"/>
  <testcase name="A4_deleteItem on A4_deleteItem(com.example.demo.TodoListManagerTest)" classname="com.example.demo.TodoListManagerTest" time="0.807"/>
</testsuite>