<?xml version="1.0" encoding="UTF-8"?>
<!-- Generated by org.testng.reporters.JUnitReportReporter -->
<testsuite hostname="DESKTOP-6S5M6CU" failures="0" tests="2" name="com.example.demo.EditProfileManagerTest" time="4.689" errors="0" timestamp="2022-05-03T13:18:52 IDT" skipped="0">
  <testcase classname="com.example.demo.EditProfileManagerTest" name="A2_updateFormData" time="2.884"/>
  <system-out/>
  <testcase classname="com.example.demo.EditProfileManagerTest" name="A1_testInitializeScreen" time="1.805"/>
  <system-out/>
</testsuite> <!-- com.example.demo.EditProfileManagerTest -->
