<?xml version="1.0" encoding="UTF-8"?>
<!-- Generated by org.testng.reporters.JUnitReportReporter -->
<testsuite hostname="DESKTOP-6S5M6CU" failures="0" tests="4" name="com.example.demo.MessagesPanelManagerTest" time="12.653" errors="0" timestamp="2022-05-03T13:18:52 IDT" skipped="0">
  <testcase classname="com.example.demo.MessagesPanelManagerTest" name="A4_testDeleteMessage" time="4.763"/>
  <system-out/>
  <testcase classname="com.example.demo.MessagesPanelManagerTest" name="A1_testInitializeScreen" time="1.561"/>
  <system-out/>
  <testcase classname="com.example.demo.MessagesPanelManagerTest" name="A2_testViewMessage" time="2.560"/>
  <system-out/>
  <testcase classname="com.example.demo.MessagesPanelManagerTest" name="A3_testReplyMessage" time="3.769"/>
  <system-out/>
</testsuite> <!-- com.example.demo.MessagesPanelManagerTest -->
