<?xml version="1.0" encoding="UTF-8"?>
<!-- Generated by org.testng.reporters.JUnitReportReporter -->
<testsuite hostname="DESKTOP-6S5M6CU" failures="0" tests="2" name="com.example.demo.SendMessageManagerTest" time="4.176" errors="1" timestamp="2022-05-03T13:18:52 IDT" skipped="0">
  <testcase classname="com.example.demo.SendMessageManagerTest" name="A2_sendMessage" time="2.689">
    <error message="java.lang.NullPointerException: Cannot invoke &quot;javafx.stage.Window.setWidth(double)&quot; because the return value of &quot;javafx.scene.Scene.getWindow()&quot; is null" type="java.lang.RuntimeException">
      <![CDATA[java.lang.RuntimeException: java.lang.NullPointerException: Cannot invoke "javafx.stage.Window.setWidth(double)" because the return value of "javafx.scene.Scene.getWindow()" is null
at org.testfx.util.WaitForAsyncUtils.---- Delayed Exception: (See Trace Below) ----(WaitForAsyncUtils.java:0)
Caused by: java.lang.NullPointerException: Cannot invoke "javafx.stage.Window.setWidth(double)" because the return value of "javafx.scene.Scene.getWindow()" is null
at com.example.demo.MessagesPanelManager.initializeScreen(MessagesPanelManager.java:26)
at com.example.demo.ReplyMessageManager.returnToMessages(ReplyMessageManager.java:54)
at com.example.demo.ReplyMessageManager.lambda$sendReplyMessage$0(ReplyMessageManager.java:82)
at com.sun.scenario.animation.shared.TimelineClipCore.visitKeyFrame(TimelineClipCore.java:239)
at com.sun.scenario.animation.shared.TimelineClipCore.playTo(TimelineClipCore.java:180)
at javafx.animation.Timeline.doPlayTo(Timeline.java:172)
at javafx.animation.AnimationAccessorImpl.playTo(AnimationAccessorImpl.java:39)
at com.sun.scenario.animation.shared.SingleLoopClipEnvelope.timePulse(SingleLoopClipEnvelope.java:103)
at javafx.animation.Animation.doTimePulse(Animation.java:1189)
at javafx.animation.Animation$1.lambda$timePulse$0(Animation.java:207)
at java.base/java.security.AccessController.doPrivileged(AccessController.java:399)
at javafx.animation.Animation$1.timePulse(Animation.java:206)
at com.sun.scenario.animation.AbstractPrimaryTimer.timePulseImpl(AbstractPrimaryTimer.java:343)
at com.sun.scenario.animation.AbstractPrimaryTimer$MainLoop.run(AbstractPrimaryTimer.java:266)
at com.sun.javafx.tk.quantum.QuantumToolkit.pulse(QuantumToolkit.java:571)
at com.sun.javafx.tk.quantum.QuantumToolkit.pulse(QuantumToolkit.java:555)
at com.sun.javafx.tk.quantum.QuantumToolkit.pulseFromQueue(QuantumToolkit.java:548)
at com.sun.javafx.tk.quantum.QuantumToolkit.lambda$runToolkit$11(QuantumToolkit.java:352)
at com.sun.glass.ui.InvokeLaterDispatcher$Future.run(InvokeLaterDispatcher.java:96)
at com.sun.glass.ui.win.WinApplication._runLoop(Native Method)
at com.sun.glass.ui.win.WinApplication.lambda$runLoop$3(WinApplication.java:184)
at java.base/java.lang.Thread.run(Thread.java:833)
]]>
    </error>
  </testcase> <!-- A2_sendMessage -->
  <system-out/>
  <testcase classname="com.example.demo.SendMessageManagerTest" name="A1_initializeScreen" time="1.487"/>
  <system-out/>
</testsuite> <!-- com.example.demo.SendMessageManagerTest -->
