<?xml version="1.0" encoding="UTF-8"?>
<!-- Generated by org.testng.reporters.JUnitReportReporter -->
<testsuite hostname="DESKTOP-6S5M6CU" failures="0" tests="1" name="com.example.demo.AboutManagerTest" time="5.235" errors="0" timestamp="2022-05-03T13:18:52 IDT" skipped="0">
  <testcase classname="com.example.demo.AboutManagerTest" name="A1_initializeScreen" time="5.235"/>
  <system-out/>
</testsuite> <!-- com.example.demo.AboutManagerTest -->
