<?xml version="1.0" encoding="UTF-8"?>
<!-- Generated by org.testng.reporters.JUnitReportReporter -->
<testsuite hostname="DESKTOP-6S5M6CU" failures="0" tests="2" name="com.example.demo.LoginManagerTest" time="3.119" errors="0" timestamp="2022-05-03T13:18:52 IDT" skipped="0">
  <testcase classname="com.example.demo.LoginManagerTest" name="A2_authorize" time="2.249"/>
  <system-out/>
  <testcase classname="com.example.demo.LoginManagerTest" name="A1_initializeScreen" time="0.870"/>
  <system-out/>
</testsuite> <!-- com.example.demo.LoginManagerTest -->
