<?xml version="1.0" encoding="UTF-8"?>
<!-- Generated by org.testng.reporters.JUnitReportReporter -->
<testsuite hostname="DESKTOP-6S5M6CU" failures="0" tests="4" name="com.example.demo.TodoListManagerTest" time="9.250" errors="0" timestamp="2022-05-03T13:18:52 IDT" skipped="0">
  <testcase classname="com.example.demo.TodoListManagerTest" name="A1_initializeScreen" time="1.072"/>
  <system-out/>
  <testcase classname="com.example.demo.TodoListManagerTest" name="A2_commitChange" time="1.759"/>
  <system-out/>
  <testcase classname="com.example.demo.TodoListManagerTest" name="A3_addItem" time="2.806"/>
  <system-out/>
  <testcase classname="com.example.demo.TodoListManagerTest" name="A4_deleteItem" time="3.613"/>
  <system-out/>
</testsuite> <!-- com.example.demo.TodoListManagerTest -->
