<?xml version="1.0" encoding="UTF-8"?>
<!-- Generated by org.testng.reporters.JUnitReportReporter -->
<testsuite hostname="DESKTOP-6S5M6CU" failures="0" tests="2" name="com.example.demo.ManageUsersManagerTest" time="3.279" errors="0" timestamp="2022-05-03T13:18:52 IDT" skipped="0">
  <testcase classname="com.example.demo.ManageUsersManagerTest" name="A1_initializeScreen" time="1.375"/>
  <system-out/>
  <testcase classname="com.example.demo.ManageUsersManagerTest" name="A2_filterUsers" time="1.904"/>
  <system-out/>
</testsuite> <!-- com.example.demo.ManageUsersManagerTest -->
